<?xml version="1.0" encoding="UTF-8"?>
<!-- Generated by org.testng.reporters.JUnitReportReporter -->
<testsuite hostname="TrovSai-PC" name="com.gopaddle.utils.Multitier" tests="16" failures="0" timestamp="14 Nov 2016 10:48:33 GMT" time="345.910" errors="0">
  <testcase name="CreateComponent" time="10.806" classname="com.gopaddle.utils.Multitier"/>
  <testcase name="MultiLinkComponent" time="0.692" classname="com.gopaddle.utils.Multitier"/>
  <testcase name="accessValidation" time="145.096" classname="com.gopaddle.utils.Multitier"/>
  <testcase name="accessValidation" time="129.743" classname="com.gopaddle.utils.Multitier"/>
  <testcase name="CreateComponent" time="10.794" classname="com.gopaddle.utils.Multitier"/>
  <testcase name="linkComponent" time="0.701" classname="com.gopaddle.utils.Multitier"/>
  <testcase name="createDesign" time="0.702" classname="com.gopaddle.utils.Multitier"/>
  <testcase name="publishDesign" time="0.683" classname="com.gopaddle.utils.Multitier"/>
  <testcase name="createDesign" time="1.619" classname="com.gopaddle.utils.Multitier"/>
  <testcase name="createTwotierComponent" time="0.722" classname="com.gopaddle.utils.Multitier"/>
  <testcase name="createTwotierComponent" time="0.792" classname="com.gopaddle.utils.Multitier"/>
  <testcase name="MultiLinkComponent" time="0.715" classname="com.gopaddle.utils.Multitier"/>
  <testcase name="publishDesign" time="0.667" classname="com.gopaddle.utils.Multitier"/>
  <testcase name="launchApp" time="20.733" classname="com.gopaddle.utils.Multitier"/>
  <testcase name="launchApp" time="20.748" classname="com.gopaddle.utils.Multitier"/>
  <testcase name="linkComponent" time="0.697" classname="com.gopaddle.utils.Multitier"/>
</testsuite> <!-- com.gopaddle.utils.Multitier -->
