<?xml version="1.0" encoding="UTF-8"?>
<!-- Generated by org.testng.reporters.JUnitReportReporter -->
<testsuite hostname="TrovSai-PC" name="com.gopaddle.utils.Singletier" tests="12" failures="0" timestamp="14 Nov 2016 10:48:33 GMT" time="424.961" errors="0">
  <testcase name="CreateComponent" time="10.875" classname="com.gopaddle.utils.Singletier"/>
  <testcase name="createKubes" time="0.920" classname="com.gopaddle.utils.Singletier"/>
  <testcase name="linkComponent" time="0.660" classname="com.gopaddle.utils.Singletier"/>
  <testcase name="listKubes" time="218.777" classname="com.gopaddle.utils.Singletier"/>
  <testcase name="accessValidation" time="115.726" classname="com.gopaddle.utils.Singletier"/>
  <testcase name="getkubId" time="31.982" classname="com.gopaddle.utils.Singletier"/>
  <testcase name="deleteDesign" time="0.670" classname="com.gopaddle.utils.Singletier"/>
  <testcase name="createDesign" time="0.772" classname="com.gopaddle.utils.Singletier"/>
  <testcase name="launchApp" time="20.756" classname="com.gopaddle.utils.Singletier"/>
  <testcase name="deleteApp" time="21.369" classname="com.gopaddle.utils.Singletier"/>
  <testcase name="publishDesign" time="0.661" classname="com.gopaddle.utils.Singletier"/>
  <testcase name="connection" time="1.793" classname="com.gopaddle.utils.Singletier"/>
</testsuite> <!-- com.gopaddle.utils.Singletier -->
