<?xml version="1.0" encoding="UTF-8"?>
<!-- Generated by org.testng.reporters.JUnitReportReporter -->
<testsuite hostname="TrovSai-PC" name="com.gopaddle.utils.Singletier" tests="10" failures="0" timestamp="23 Aug 2016 09:44:46 GMT" time="204.811" errors="0">
  <testcase name="launchApp" time="11.273" classname="com.gopaddle.utils.Singletier"/>
  <testcase name="CreateComponent" time="11.007" classname="com.gopaddle.utils.Singletier"/>
  <testcase name="connection" time="1.531" classname="com.gopaddle.utils.Singletier"/>
  <testcase name="deleteApp" time="22.693" classname="com.gopaddle.utils.Singletier"/>
  <testcase name="publishDesign" time="0.670" classname="com.gopaddle.utils.Singletier"/>
  <testcase name="getkubId" time="31.839" classname="com.gopaddle.utils.Singletier"/>
  <testcase name="linkComponent" time="0.710" classname="com.gopaddle.utils.Singletier"/>
  <testcase name="deleteDesign" time="20.660" classname="com.gopaddle.utils.Singletier"/>
  <testcase name="accessValidation" time="103.714" classname="com.gopaddle.utils.Singletier"/>
  <testcase name="createDesign" time="0.714" classname="com.gopaddle.utils.Singletier"/>
</testsuite> <!-- com.gopaddle.utils.Singletier -->
